{"F:\\VSCodeDirs\\softwaretesting\\repototest\\COMP.SE.200-2020-assignment\\src\\testZero.js": {"path":"F:\\VSCodeDirs\\softwaretesting\\repototest\\COMP.SE.200-2020-assignment\\src\\testZero.js","statementMap":{"0":{"start":{"line":27,"column":2},"end":{"line":27,"column":21}}},"fnMap":{"0":{"name":"isValueZero","decl":{"start":{"line":25,"column":9},"end":{"line":25,"column":20}},"loc":{"start":{"line":25,"column":28},"end":{"line":28,"column":1}},"line":25}},"branchMap":{},"s":{"0":1},"f":{"0":1},"b":{},"_coverageSchema":"1a1c01bbd47fc00a2c39e90264f33305004495a9","hash":"c0692d8640534c7c0403232db99bbf30c3d52a07"}
}
